mode: set
github.com/artziel/go-schema/utilities.go:19.48,23.38 3 1
github.com/artziel/go-schema/utilities.go:30.2,32.15 2 1
github.com/artziel/go-schema/utilities.go:23.38,26.3 2 1
github.com/artziel/go-schema/utilities.go:26.8,28.3 1 1
github.com/artziel/go-schema/utilities.go:42.61,49.17 5 1
github.com/artziel/go-schema/utilities.go:53.2,53.30 1 1
github.com/artziel/go-schema/utilities.go:65.2,65.29 1 1
github.com/artziel/go-schema/utilities.go:49.17,51.3 1 1
github.com/artziel/go-schema/utilities.go:53.30,54.37 1 1
github.com/artziel/go-schema/utilities.go:54.37,57.4 2 1
github.com/artziel/go-schema/utilities.go:57.9,57.27 1 1
github.com/artziel/go-schema/utilities.go:57.27,58.17 1 1
github.com/artziel/go-schema/utilities.go:58.17,60.5 1 1
github.com/artziel/go-schema/utilities.go:60.10,60.38 1 1
github.com/artziel/go-schema/utilities.go:60.38,62.5 1 1
github.com/artziel/go-schema/validate.go:21.78,26.41 3 1
github.com/artziel/go-schema/validate.go:47.2,48.21 2 1
github.com/artziel/go-schema/validate.go:60.2,60.65 1 1
github.com/artziel/go-schema/validate.go:66.2,66.13 1 1
github.com/artziel/go-schema/validate.go:26.41,28.3 1 1
github.com/artziel/go-schema/validate.go:28.8,28.24 1 1
github.com/artziel/go-schema/validate.go:28.24,30.76 2 1
github.com/artziel/go-schema/validate.go:33.3,33.76 1 1
github.com/artziel/go-schema/validate.go:36.3,36.26 1 1
github.com/artziel/go-schema/validate.go:30.76,32.4 1 1
github.com/artziel/go-schema/validate.go:33.76,35.4 1 1
github.com/artziel/go-schema/validate.go:36.26,38.18 2 1
github.com/artziel/go-schema/validate.go:38.18,40.5 1 1
github.com/artziel/go-schema/validate.go:40.10,40.36 1 1
github.com/artziel/go-schema/validate.go:40.36,42.5 1 1
github.com/artziel/go-schema/validate.go:48.21,50.28 2 1
github.com/artziel/go-schema/validate.go:55.3,55.13 1 1
github.com/artziel/go-schema/validate.go:50.28,51.18 1 1
github.com/artziel/go-schema/validate.go:51.18,53.5 1 1
github.com/artziel/go-schema/validate.go:55.13,57.4 1 1
github.com/artziel/go-schema/validate.go:60.65,61.56 1 1
github.com/artziel/go-schema/validate.go:61.56,63.4 1 1
github.com/artziel/go-schema/validate.go:81.79,86.22 3 1
github.com/artziel/go-schema/validate.go:95.2,95.40 1 1
github.com/artziel/go-schema/validate.go:106.2,107.21 2 1
github.com/artziel/go-schema/validate.go:119.2,119.65 1 1
github.com/artziel/go-schema/validate.go:125.2,125.13 1 1
github.com/artziel/go-schema/validate.go:87.40,88.24 1 1
github.com/artziel/go-schema/validate.go:89.78,90.31 1 1
github.com/artziel/go-schema/validate.go:91.83,92.32 1 1
github.com/artziel/go-schema/validate.go:95.40,97.3 1 1
github.com/artziel/go-schema/validate.go:97.8,97.23 1 1
github.com/artziel/go-schema/validate.go:97.23,98.57 1 1
github.com/artziel/go-schema/validate.go:101.3,101.57 1 1
github.com/artziel/go-schema/validate.go:98.57,100.4 1 1
github.com/artziel/go-schema/validate.go:101.57,103.4 1 1
github.com/artziel/go-schema/validate.go:107.21,109.28 2 1
github.com/artziel/go-schema/validate.go:114.3,114.13 1 1
github.com/artziel/go-schema/validate.go:109.28,110.18 1 1
github.com/artziel/go-schema/validate.go:110.18,112.5 1 1
github.com/artziel/go-schema/validate.go:114.13,116.4 1 1
github.com/artziel/go-schema/validate.go:119.65,120.56 1 1
github.com/artziel/go-schema/validate.go:120.56,122.4 1 1
github.com/artziel/go-schema/validate.go:131.61,133.25 2 1
github.com/artziel/go-schema/validate.go:148.2,148.12 1 1
github.com/artziel/go-schema/validate.go:133.25,134.54 1 1
github.com/artziel/go-schema/validate.go:134.54,136.15 2 1
github.com/artziel/go-schema/validate.go:136.15,138.10 2 1
github.com/artziel/go-schema/validate.go:139.10,141.74 2 1
github.com/artziel/go-schema/validate.go:141.74,143.11 2 1
github.com/artziel/go-schema/validate.go:155.50,162.29 3 1
github.com/artziel/go-schema/validate.go:166.2,166.43 1 1
github.com/artziel/go-schema/validate.go:188.2,188.24 1 1
github.com/artziel/go-schema/validate.go:192.2,192.20 1 1
github.com/artziel/go-schema/validate.go:162.29,164.3 1 1
github.com/artziel/go-schema/validate.go:166.43,169.19 2 1
github.com/artziel/go-schema/validate.go:169.19,172.23 2 1
github.com/artziel/go-schema/validate.go:176.4,176.48 1 1
github.com/artziel/go-schema/validate.go:172.23,174.5 1 1
github.com/artziel/go-schema/validate.go:177.24,178.78 1 1
github.com/artziel/go-schema/validate.go:181.81,183.79 1 1
github.com/artziel/go-schema/validate.go:188.24,190.3 1 1
github.com/artziel/go-schema/schema.go:15.53,17.25 2 1
github.com/artziel/go-schema/schema.go:29.2,31.18 2 1
github.com/artziel/go-schema/schema.go:17.25,18.13 1 1
github.com/artziel/go-schema/schema.go:22.3,23.17 2 1
github.com/artziel/go-schema/schema.go:27.3,27.28 1 1
github.com/artziel/go-schema/schema.go:18.13,20.4 1 0
github.com/artziel/go-schema/schema.go:23.17,25.4 1 0
github.com/artziel/go-schema/schema.go:53.35,55.2 1 1
github.com/artziel/go-schema/schema.go:61.61,65.16 2 1
github.com/artziel/go-schema/schema.go:65.16,66.47 1 1
github.com/artziel/go-schema/schema.go:72.3,72.26 1 1
github.com/artziel/go-schema/schema.go:66.47,69.4 2 1
github.com/artziel/go-schema/schema.go:69.9,71.4 1 1
github.com/artziel/go-schema/schema.go:80.65,84.17 2 1
github.com/artziel/go-schema/schema.go:84.17,85.20 1 1
github.com/artziel/go-schema/schema.go:85.20,86.48 1 1
github.com/artziel/go-schema/schema.go:92.4,92.27 1 1
github.com/artziel/go-schema/schema.go:86.48,89.5 2 1
github.com/artziel/go-schema/schema.go:89.10,91.5 1 1
github.com/artziel/go-schema/tag.go:18.30,20.2 1 1
github.com/artziel/go-schema/tag.go:25.40,26.58 1 1
github.com/artziel/go-schema/tag.go:29.2,29.14 1 1
github.com/artziel/go-schema/tag.go:26.58,28.3 1 1
github.com/artziel/go-schema/tag.go:35.42,36.20 1 1
github.com/artziel/go-schema/tag.go:39.2,39.14 1 1
github.com/artziel/go-schema/tag.go:36.20,38.3 1 1
github.com/artziel/go-schema/tag.go:45.45,46.20 1 1
github.com/artziel/go-schema/tag.go:49.2,49.11 1 1
github.com/artziel/go-schema/tag.go:46.20,48.3 1 1
github.com/artziel/go-schema/tag.go:55.43,58.13 2 1
github.com/artziel/go-schema/tag.go:63.2,63.10 1 1
github.com/artziel/go-schema/tag.go:58.13,61.3 2 1
github.com/artziel/go-schema/tag.go:69.41,74.2 3 1
github.com/artziel/go-schema/tag.go:79.45,82.13 2 1
github.com/artziel/go-schema/tag.go:87.2,87.10 1 1
github.com/artziel/go-schema/tag.go:82.13,85.3 2 1
github.com/artziel/go-schema/tag.go:94.68,97.13 3 1
github.com/artziel/go-schema/tag.go:101.2,101.50 1 1
github.com/artziel/go-schema/tag.go:105.2,105.15 1 1
github.com/artziel/go-schema/tag.go:97.13,99.3 1 1
github.com/artziel/go-schema/tag.go:101.50,103.3 1 1
github.com/artziel/go-schema/tag.go:112.64,114.22 2 1
github.com/artziel/go-schema/tag.go:117.2,119.29 2 1
github.com/artziel/go-schema/tag.go:124.2,124.15 1 1
github.com/artziel/go-schema/tag.go:114.22,116.3 1 1
github.com/artziel/go-schema/tag.go:119.29,122.3 2 1
github.com/artziel/go-schema/tag.go:131.68,133.22 2 1
github.com/artziel/go-schema/tag.go:136.2,138.29 2 1
github.com/artziel/go-schema/tag.go:143.2,143.15 1 1
github.com/artziel/go-schema/tag.go:133.22,135.3 1 1
github.com/artziel/go-schema/tag.go:138.29,141.3 2 1
github.com/artziel/go-schema/tag.go:150.66,152.22 2 1
github.com/artziel/go-schema/tag.go:155.2,157.29 2 1
github.com/artziel/go-schema/tag.go:162.2,162.15 1 1
github.com/artziel/go-schema/tag.go:152.22,154.3 1 1
github.com/artziel/go-schema/tag.go:157.29,160.3 2 1
github.com/artziel/go-schema/tag.go:168.33,176.27 3 1
github.com/artziel/go-schema/tag.go:183.2,183.12 1 1
github.com/artziel/go-schema/tag.go:176.27,177.14 1 1
github.com/artziel/go-schema/tag.go:177.14,180.4 2 1
